1test : Failed (Diff Below)
========================= Expected =========================== ========================== Actual ============================
8							      <
0x00004824						      <
0x0000f478						      <
=============================================================================================================================
2test : Failed (Diff Below)
========================= Expected =========================== ========================== Actual ============================
5							      <
0x00003509						      <
0x0000f546						      <
=============================================================================================================================
3test : Failed (Diff Below)
========================= Expected =========================== ========================== Actual ============================
15							      <
0x00005f25						      <
0x000094c8						      <
=============================================================================================================================
4test : Failed (Diff Below)
========================= Expected =========================== ========================== Actual ============================
5							      <
0x0000a507						      <
0x0000c4e9						      <
=============================================================================================================================
5test : Failed (Diff Below)
========================= Expected =========================== ========================== Actual ============================
15							      <
0x0000bf18						      <
0x00007cea						      <
=============================================================================================================================
